INFO [2020-11-13 14:57:58] $x
INFO [2020-11-13 14:57:58] x
INFO [2020-11-13 14:57:58] 
INFO [2020-11-13 14:57:58] $category.names
INFO [2020-11-13 14:57:58] cat.name
INFO [2020-11-13 14:57:58] 
INFO [2020-11-13 14:57:58] $col
INFO [2020-11-13 14:57:58] [1] "transparent"
INFO [2020-11-13 14:57:58] 
INFO [2020-11-13 14:57:58] $fill
INFO [2020-11-13 14:57:58] cols
INFO [2020-11-13 14:57:58] 
INFO [2020-11-13 14:57:58] $alpha
INFO [2020-11-13 14:57:58] [1] 0.3
INFO [2020-11-13 14:57:58] 
INFO [2020-11-13 14:57:58] $print.mode
INFO [2020-11-13 14:57:58] c("raw", "percent")
INFO [2020-11-13 14:57:58] 
INFO [2020-11-13 14:57:58] $filename
INFO [2020-11-13 14:57:58] f.name
INFO [2020-11-13 14:57:58] 
INFO [2020-11-13 14:57:58] $imagetype
INFO [2020-11-13 14:57:58] [1] "png"
INFO [2020-11-13 14:57:58] 
INFO [2020-11-13 14:57:58] $output
INFO [2020-11-13 14:57:58] [1] TRUE
INFO [2020-11-13 14:57:58] 
INFO [2020-11-13 14:57:58] [[10]]
INFO [2020-11-13 14:57:58] 
INFO [2020-11-13 14:57:58] 
