INFO [2020-11-14 00:52:25] $x
INFO [2020-11-14 00:52:25] x
INFO [2020-11-14 00:52:25] 
INFO [2020-11-14 00:52:25] $category.names
INFO [2020-11-14 00:52:25] cat.name
INFO [2020-11-14 00:52:25] 
INFO [2020-11-14 00:52:25] $col
INFO [2020-11-14 00:52:25] [1] "transparent"
INFO [2020-11-14 00:52:25] 
INFO [2020-11-14 00:52:25] $fill
INFO [2020-11-14 00:52:25] cols
INFO [2020-11-14 00:52:25] 
INFO [2020-11-14 00:52:25] $alpha
INFO [2020-11-14 00:52:25] [1] 0.3
INFO [2020-11-14 00:52:25] 
INFO [2020-11-14 00:52:25] $print.mode
INFO [2020-11-14 00:52:25] c("raw", "percent")
INFO [2020-11-14 00:52:25] 
INFO [2020-11-14 00:52:25] $filename
INFO [2020-11-14 00:52:25] f.name
INFO [2020-11-14 00:52:25] 
INFO [2020-11-14 00:52:25] $imagetype
INFO [2020-11-14 00:52:25] [1] "png"
INFO [2020-11-14 00:52:25] 
INFO [2020-11-14 00:52:25] $output
INFO [2020-11-14 00:52:25] [1] TRUE
INFO [2020-11-14 00:52:25] 
INFO [2020-11-14 00:52:25] [[10]]
INFO [2020-11-14 00:52:25] 
INFO [2020-11-14 00:52:25] 
