INFO [2020-11-14 00:55:00] $x
INFO [2020-11-14 00:55:00] x
INFO [2020-11-14 00:55:00] 
INFO [2020-11-14 00:55:00] $category.names
INFO [2020-11-14 00:55:00] cat.name
INFO [2020-11-14 00:55:00] 
INFO [2020-11-14 00:55:00] $col
INFO [2020-11-14 00:55:00] [1] "transparent"
INFO [2020-11-14 00:55:00] 
INFO [2020-11-14 00:55:00] $fill
INFO [2020-11-14 00:55:00] cols
INFO [2020-11-14 00:55:00] 
INFO [2020-11-14 00:55:00] $alpha
INFO [2020-11-14 00:55:00] [1] 0.3
INFO [2020-11-14 00:55:00] 
INFO [2020-11-14 00:55:00] $print.mode
INFO [2020-11-14 00:55:00] c("raw", "percent")
INFO [2020-11-14 00:55:00] 
INFO [2020-11-14 00:55:00] $filename
INFO [2020-11-14 00:55:00] f.name
INFO [2020-11-14 00:55:00] 
INFO [2020-11-14 00:55:00] $imagetype
INFO [2020-11-14 00:55:00] [1] "png"
INFO [2020-11-14 00:55:00] 
INFO [2020-11-14 00:55:00] $output
INFO [2020-11-14 00:55:00] [1] TRUE
INFO [2020-11-14 00:55:00] 
INFO [2020-11-14 00:55:00] [[10]]
INFO [2020-11-14 00:55:00] 
INFO [2020-11-14 00:55:00] 
