INFO [2020-11-14 00:54:18] $x
INFO [2020-11-14 00:54:18] x
INFO [2020-11-14 00:54:18] 
INFO [2020-11-14 00:54:18] $category.names
INFO [2020-11-14 00:54:18] cat.name
INFO [2020-11-14 00:54:18] 
INFO [2020-11-14 00:54:18] $col
INFO [2020-11-14 00:54:18] [1] "transparent"
INFO [2020-11-14 00:54:18] 
INFO [2020-11-14 00:54:18] $fill
INFO [2020-11-14 00:54:18] cols
INFO [2020-11-14 00:54:18] 
INFO [2020-11-14 00:54:18] $alpha
INFO [2020-11-14 00:54:18] [1] 0.3
INFO [2020-11-14 00:54:18] 
INFO [2020-11-14 00:54:18] $print.mode
INFO [2020-11-14 00:54:18] c("raw", "percent")
INFO [2020-11-14 00:54:18] 
INFO [2020-11-14 00:54:18] $filename
INFO [2020-11-14 00:54:18] f.name
INFO [2020-11-14 00:54:18] 
INFO [2020-11-14 00:54:18] $imagetype
INFO [2020-11-14 00:54:18] [1] "png"
INFO [2020-11-14 00:54:18] 
INFO [2020-11-14 00:54:18] $output
INFO [2020-11-14 00:54:18] [1] TRUE
INFO [2020-11-14 00:54:18] 
INFO [2020-11-14 00:54:18] [[10]]
INFO [2020-11-14 00:54:18] 
INFO [2020-11-14 00:54:18] 
