INFO [2020-11-13 14:57:24] $x
INFO [2020-11-13 14:57:24] x
INFO [2020-11-13 14:57:24] 
INFO [2020-11-13 14:57:24] $category.names
INFO [2020-11-13 14:57:24] cat.name
INFO [2020-11-13 14:57:24] 
INFO [2020-11-13 14:57:24] $col
INFO [2020-11-13 14:57:24] [1] "transparent"
INFO [2020-11-13 14:57:24] 
INFO [2020-11-13 14:57:24] $fill
INFO [2020-11-13 14:57:24] cols
INFO [2020-11-13 14:57:24] 
INFO [2020-11-13 14:57:24] $alpha
INFO [2020-11-13 14:57:24] [1] 0.3
INFO [2020-11-13 14:57:24] 
INFO [2020-11-13 14:57:24] $print.mode
INFO [2020-11-13 14:57:24] c("raw", "percent")
INFO [2020-11-13 14:57:24] 
INFO [2020-11-13 14:57:24] $filename
INFO [2020-11-13 14:57:24] f.name
INFO [2020-11-13 14:57:24] 
INFO [2020-11-13 14:57:24] $imagetype
INFO [2020-11-13 14:57:24] [1] "png"
INFO [2020-11-13 14:57:24] 
INFO [2020-11-13 14:57:24] $output
INFO [2020-11-13 14:57:24] [1] TRUE
INFO [2020-11-13 14:57:24] 
INFO [2020-11-13 14:57:24] [[10]]
INFO [2020-11-13 14:57:24] 
INFO [2020-11-13 14:57:24] 
