INFO [2020-11-14 01:13:12] $x
INFO [2020-11-14 01:13:12] x
INFO [2020-11-14 01:13:12] 
INFO [2020-11-14 01:13:12] $category.names
INFO [2020-11-14 01:13:12] cat.name
INFO [2020-11-14 01:13:12] 
INFO [2020-11-14 01:13:12] $col
INFO [2020-11-14 01:13:12] [1] "transparent"
INFO [2020-11-14 01:13:12] 
INFO [2020-11-14 01:13:12] $fill
INFO [2020-11-14 01:13:12] cols
INFO [2020-11-14 01:13:12] 
INFO [2020-11-14 01:13:12] $alpha
INFO [2020-11-14 01:13:12] [1] 0.3
INFO [2020-11-14 01:13:12] 
INFO [2020-11-14 01:13:12] $print.mode
INFO [2020-11-14 01:13:12] c("raw", "percent")
INFO [2020-11-14 01:13:12] 
INFO [2020-11-14 01:13:12] $filename
INFO [2020-11-14 01:13:12] f.name
INFO [2020-11-14 01:13:12] 
INFO [2020-11-14 01:13:12] $imagetype
INFO [2020-11-14 01:13:12] [1] "png"
INFO [2020-11-14 01:13:12] 
INFO [2020-11-14 01:13:12] $output
INFO [2020-11-14 01:13:12] [1] TRUE
INFO [2020-11-14 01:13:12] 
INFO [2020-11-14 01:13:12] [[10]]
INFO [2020-11-14 01:13:12] 
INFO [2020-11-14 01:13:12] 
