INFO [2020-11-14 01:01:55] $x
INFO [2020-11-14 01:01:55] x
INFO [2020-11-14 01:01:55] 
INFO [2020-11-14 01:01:55] $category.names
INFO [2020-11-14 01:01:55] cat.name
INFO [2020-11-14 01:01:55] 
INFO [2020-11-14 01:01:55] $col
INFO [2020-11-14 01:01:55] [1] "transparent"
INFO [2020-11-14 01:01:55] 
INFO [2020-11-14 01:01:55] $fill
INFO [2020-11-14 01:01:55] cols
INFO [2020-11-14 01:01:55] 
INFO [2020-11-14 01:01:55] $alpha
INFO [2020-11-14 01:01:55] [1] 0.3
INFO [2020-11-14 01:01:55] 
INFO [2020-11-14 01:01:55] $print.mode
INFO [2020-11-14 01:01:55] c("raw", "percent")
INFO [2020-11-14 01:01:55] 
INFO [2020-11-14 01:01:55] $filename
INFO [2020-11-14 01:01:55] f.name
INFO [2020-11-14 01:01:55] 
INFO [2020-11-14 01:01:55] $imagetype
INFO [2020-11-14 01:01:55] [1] "png"
INFO [2020-11-14 01:01:55] 
INFO [2020-11-14 01:01:55] $output
INFO [2020-11-14 01:01:55] [1] TRUE
INFO [2020-11-14 01:01:55] 
INFO [2020-11-14 01:01:55] [[10]]
INFO [2020-11-14 01:01:55] 
INFO [2020-11-14 01:01:55] 
