INFO [2020-11-13 14:57:26] $x
INFO [2020-11-13 14:57:26] x
INFO [2020-11-13 14:57:26] 
INFO [2020-11-13 14:57:26] $category.names
INFO [2020-11-13 14:57:26] cat.name
INFO [2020-11-13 14:57:26] 
INFO [2020-11-13 14:57:26] $col
INFO [2020-11-13 14:57:26] [1] "transparent"
INFO [2020-11-13 14:57:26] 
INFO [2020-11-13 14:57:26] $fill
INFO [2020-11-13 14:57:26] cols
INFO [2020-11-13 14:57:26] 
INFO [2020-11-13 14:57:26] $alpha
INFO [2020-11-13 14:57:26] [1] 0.3
INFO [2020-11-13 14:57:26] 
INFO [2020-11-13 14:57:26] $print.mode
INFO [2020-11-13 14:57:26] c("raw", "percent")
INFO [2020-11-13 14:57:26] 
INFO [2020-11-13 14:57:26] $filename
INFO [2020-11-13 14:57:26] f.name
INFO [2020-11-13 14:57:26] 
INFO [2020-11-13 14:57:26] $imagetype
INFO [2020-11-13 14:57:26] [1] "png"
INFO [2020-11-13 14:57:26] 
INFO [2020-11-13 14:57:26] $output
INFO [2020-11-13 14:57:26] [1] TRUE
INFO [2020-11-13 14:57:26] 
INFO [2020-11-13 14:57:26] [[10]]
INFO [2020-11-13 14:57:26] 
INFO [2020-11-13 14:57:26] 
