INFO [2020-11-14 01:02:17] $x
INFO [2020-11-14 01:02:17] x
INFO [2020-11-14 01:02:17] 
INFO [2020-11-14 01:02:17] $category.names
INFO [2020-11-14 01:02:17] cat.name
INFO [2020-11-14 01:02:17] 
INFO [2020-11-14 01:02:17] $col
INFO [2020-11-14 01:02:17] [1] "transparent"
INFO [2020-11-14 01:02:17] 
INFO [2020-11-14 01:02:17] $fill
INFO [2020-11-14 01:02:17] cols
INFO [2020-11-14 01:02:17] 
INFO [2020-11-14 01:02:17] $alpha
INFO [2020-11-14 01:02:17] [1] 0.3
INFO [2020-11-14 01:02:17] 
INFO [2020-11-14 01:02:17] $print.mode
INFO [2020-11-14 01:02:17] c("raw", "percent")
INFO [2020-11-14 01:02:17] 
INFO [2020-11-14 01:02:17] $filename
INFO [2020-11-14 01:02:17] f.name
INFO [2020-11-14 01:02:17] 
INFO [2020-11-14 01:02:17] $imagetype
INFO [2020-11-14 01:02:17] [1] "png"
INFO [2020-11-14 01:02:17] 
INFO [2020-11-14 01:02:17] $output
INFO [2020-11-14 01:02:17] [1] TRUE
INFO [2020-11-14 01:02:17] 
INFO [2020-11-14 01:02:17] [[10]]
INFO [2020-11-14 01:02:17] 
INFO [2020-11-14 01:02:17] 
