INFO [2020-11-13 14:58:01] $x
INFO [2020-11-13 14:58:01] x
INFO [2020-11-13 14:58:01] 
INFO [2020-11-13 14:58:01] $category.names
INFO [2020-11-13 14:58:01] cat.name
INFO [2020-11-13 14:58:01] 
INFO [2020-11-13 14:58:01] $col
INFO [2020-11-13 14:58:01] [1] "transparent"
INFO [2020-11-13 14:58:01] 
INFO [2020-11-13 14:58:01] $fill
INFO [2020-11-13 14:58:01] cols
INFO [2020-11-13 14:58:01] 
INFO [2020-11-13 14:58:01] $alpha
INFO [2020-11-13 14:58:01] [1] 0.3
INFO [2020-11-13 14:58:01] 
INFO [2020-11-13 14:58:01] $print.mode
INFO [2020-11-13 14:58:01] c("raw", "percent")
INFO [2020-11-13 14:58:01] 
INFO [2020-11-13 14:58:01] $filename
INFO [2020-11-13 14:58:01] f.name
INFO [2020-11-13 14:58:01] 
INFO [2020-11-13 14:58:01] $imagetype
INFO [2020-11-13 14:58:01] [1] "png"
INFO [2020-11-13 14:58:01] 
INFO [2020-11-13 14:58:01] $output
INFO [2020-11-13 14:58:01] [1] TRUE
INFO [2020-11-13 14:58:01] 
INFO [2020-11-13 14:58:01] [[10]]
INFO [2020-11-13 14:58:01] 
INFO [2020-11-13 14:58:01] 
