INFO [2020-11-13 14:57:59] $x
INFO [2020-11-13 14:57:59] x
INFO [2020-11-13 14:57:59] 
INFO [2020-11-13 14:57:59] $category.names
INFO [2020-11-13 14:57:59] cat.name
INFO [2020-11-13 14:57:59] 
INFO [2020-11-13 14:57:59] $col
INFO [2020-11-13 14:57:59] [1] "transparent"
INFO [2020-11-13 14:57:59] 
INFO [2020-11-13 14:57:59] $fill
INFO [2020-11-13 14:57:59] cols
INFO [2020-11-13 14:57:59] 
INFO [2020-11-13 14:57:59] $alpha
INFO [2020-11-13 14:57:59] [1] 0.3
INFO [2020-11-13 14:57:59] 
INFO [2020-11-13 14:57:59] $print.mode
INFO [2020-11-13 14:57:59] c("raw", "percent")
INFO [2020-11-13 14:57:59] 
INFO [2020-11-13 14:57:59] $filename
INFO [2020-11-13 14:57:59] f.name
INFO [2020-11-13 14:57:59] 
INFO [2020-11-13 14:57:59] $imagetype
INFO [2020-11-13 14:57:59] [1] "png"
INFO [2020-11-13 14:57:59] 
INFO [2020-11-13 14:57:59] $output
INFO [2020-11-13 14:57:59] [1] TRUE
INFO [2020-11-13 14:57:59] 
INFO [2020-11-13 14:57:59] [[10]]
INFO [2020-11-13 14:57:59] 
INFO [2020-11-13 14:57:59] 
