INFO [2020-11-14 00:55:54] $x
INFO [2020-11-14 00:55:54] x
INFO [2020-11-14 00:55:54] 
INFO [2020-11-14 00:55:54] $category.names
INFO [2020-11-14 00:55:54] cat.name
INFO [2020-11-14 00:55:54] 
INFO [2020-11-14 00:55:54] $col
INFO [2020-11-14 00:55:54] [1] "transparent"
INFO [2020-11-14 00:55:54] 
INFO [2020-11-14 00:55:54] $fill
INFO [2020-11-14 00:55:54] cols
INFO [2020-11-14 00:55:54] 
INFO [2020-11-14 00:55:54] $alpha
INFO [2020-11-14 00:55:54] [1] 0.3
INFO [2020-11-14 00:55:54] 
INFO [2020-11-14 00:55:54] $print.mode
INFO [2020-11-14 00:55:54] c("raw", "percent")
INFO [2020-11-14 00:55:54] 
INFO [2020-11-14 00:55:54] $filename
INFO [2020-11-14 00:55:54] f.name
INFO [2020-11-14 00:55:54] 
INFO [2020-11-14 00:55:54] $imagetype
INFO [2020-11-14 00:55:54] [1] "png"
INFO [2020-11-14 00:55:54] 
INFO [2020-11-14 00:55:54] $output
INFO [2020-11-14 00:55:54] [1] TRUE
INFO [2020-11-14 00:55:54] 
INFO [2020-11-14 00:55:54] [[10]]
INFO [2020-11-14 00:55:54] 
INFO [2020-11-14 00:55:54] 
