INFO [2020-11-13 14:57:28] $x
INFO [2020-11-13 14:57:28] x
INFO [2020-11-13 14:57:28] 
INFO [2020-11-13 14:57:28] $category.names
INFO [2020-11-13 14:57:28] cat.name
INFO [2020-11-13 14:57:28] 
INFO [2020-11-13 14:57:28] $col
INFO [2020-11-13 14:57:28] [1] "transparent"
INFO [2020-11-13 14:57:28] 
INFO [2020-11-13 14:57:28] $fill
INFO [2020-11-13 14:57:28] cols
INFO [2020-11-13 14:57:28] 
INFO [2020-11-13 14:57:28] $alpha
INFO [2020-11-13 14:57:28] [1] 0.3
INFO [2020-11-13 14:57:28] 
INFO [2020-11-13 14:57:28] $print.mode
INFO [2020-11-13 14:57:28] c("raw", "percent")
INFO [2020-11-13 14:57:28] 
INFO [2020-11-13 14:57:28] $filename
INFO [2020-11-13 14:57:28] f.name
INFO [2020-11-13 14:57:28] 
INFO [2020-11-13 14:57:28] $imagetype
INFO [2020-11-13 14:57:28] [1] "png"
INFO [2020-11-13 14:57:28] 
INFO [2020-11-13 14:57:28] $output
INFO [2020-11-13 14:57:28] [1] TRUE
INFO [2020-11-13 14:57:28] 
INFO [2020-11-13 14:57:28] [[10]]
INFO [2020-11-13 14:57:28] 
INFO [2020-11-13 14:57:28] 
