INFO [2020-11-13 15:01:21] $x
INFO [2020-11-13 15:01:21] x
INFO [2020-11-13 15:01:21] 
INFO [2020-11-13 15:01:21] $category.names
INFO [2020-11-13 15:01:21] cat.name
INFO [2020-11-13 15:01:21] 
INFO [2020-11-13 15:01:21] $col
INFO [2020-11-13 15:01:21] [1] "transparent"
INFO [2020-11-13 15:01:21] 
INFO [2020-11-13 15:01:21] $fill
INFO [2020-11-13 15:01:21] cols
INFO [2020-11-13 15:01:21] 
INFO [2020-11-13 15:01:21] $alpha
INFO [2020-11-13 15:01:21] [1] 0.3
INFO [2020-11-13 15:01:21] 
INFO [2020-11-13 15:01:21] $print.mode
INFO [2020-11-13 15:01:21] c("raw", "percent")
INFO [2020-11-13 15:01:21] 
INFO [2020-11-13 15:01:21] $filename
INFO [2020-11-13 15:01:21] f.name
INFO [2020-11-13 15:01:21] 
INFO [2020-11-13 15:01:21] $imagetype
INFO [2020-11-13 15:01:21] [1] "png"
INFO [2020-11-13 15:01:21] 
INFO [2020-11-13 15:01:21] $output
INFO [2020-11-13 15:01:21] [1] TRUE
INFO [2020-11-13 15:01:21] 
INFO [2020-11-13 15:01:21] [[10]]
INFO [2020-11-13 15:01:21] 
INFO [2020-11-13 15:01:21] 
