INFO [2020-11-14 01:13:13] $x
INFO [2020-11-14 01:13:13] x
INFO [2020-11-14 01:13:13] 
INFO [2020-11-14 01:13:13] $category.names
INFO [2020-11-14 01:13:13] cat.name
INFO [2020-11-14 01:13:13] 
INFO [2020-11-14 01:13:13] $col
INFO [2020-11-14 01:13:13] [1] "transparent"
INFO [2020-11-14 01:13:13] 
INFO [2020-11-14 01:13:13] $fill
INFO [2020-11-14 01:13:13] cols
INFO [2020-11-14 01:13:13] 
INFO [2020-11-14 01:13:13] $alpha
INFO [2020-11-14 01:13:13] [1] 0.3
INFO [2020-11-14 01:13:13] 
INFO [2020-11-14 01:13:13] $print.mode
INFO [2020-11-14 01:13:13] c("raw", "percent")
INFO [2020-11-14 01:13:13] 
INFO [2020-11-14 01:13:13] $filename
INFO [2020-11-14 01:13:13] f.name
INFO [2020-11-14 01:13:13] 
INFO [2020-11-14 01:13:13] $imagetype
INFO [2020-11-14 01:13:13] [1] "png"
INFO [2020-11-14 01:13:13] 
INFO [2020-11-14 01:13:13] $output
INFO [2020-11-14 01:13:13] [1] TRUE
INFO [2020-11-14 01:13:13] 
INFO [2020-11-14 01:13:13] [[10]]
INFO [2020-11-14 01:13:13] 
INFO [2020-11-14 01:13:13] 
