INFO [2020-11-13 15:01:15] $x
INFO [2020-11-13 15:01:15] x
INFO [2020-11-13 15:01:15] 
INFO [2020-11-13 15:01:15] $category.names
INFO [2020-11-13 15:01:15] cat.name
INFO [2020-11-13 15:01:15] 
INFO [2020-11-13 15:01:15] $col
INFO [2020-11-13 15:01:15] [1] "transparent"
INFO [2020-11-13 15:01:15] 
INFO [2020-11-13 15:01:15] $fill
INFO [2020-11-13 15:01:15] cols
INFO [2020-11-13 15:01:15] 
INFO [2020-11-13 15:01:15] $alpha
INFO [2020-11-13 15:01:15] [1] 0.3
INFO [2020-11-13 15:01:15] 
INFO [2020-11-13 15:01:15] $print.mode
INFO [2020-11-13 15:01:15] c("raw", "percent")
INFO [2020-11-13 15:01:15] 
INFO [2020-11-13 15:01:15] $filename
INFO [2020-11-13 15:01:15] f.name
INFO [2020-11-13 15:01:15] 
INFO [2020-11-13 15:01:15] $imagetype
INFO [2020-11-13 15:01:15] [1] "png"
INFO [2020-11-13 15:01:15] 
INFO [2020-11-13 15:01:15] $output
INFO [2020-11-13 15:01:15] [1] TRUE
INFO [2020-11-13 15:01:15] 
INFO [2020-11-13 15:01:15] [[10]]
INFO [2020-11-13 15:01:15] 
INFO [2020-11-13 15:01:15] 
